paniqui_fh5yr_30m
cabatuan_fh5yr_10m
magsingal_fh5yr_10m
liloan_fh5yr_10m
calinog_fh5yr_10m
bayambang_fh5yr_30m
urdaneta_city_fh5yr_30m
pugo_fh5yr_10m
ilagan_fh5yr_30m_10m
ma_ayon_fh5yr_10m
natividad_fh5yr_30m
bugallon_fh5yr_30m
paranaque_fh5yr_10m
baguio_city_fh5yr_10m
himamaylan_city_fh5yr_10m
pasay_city_fh5yr_10m
guinobatan_fh5yr_10m
pidigan_fh5yr_10m
balungao_fh5yr_30m
tabuk_city_fh25yr_30m_10m
san_marcelino_fh25yr_10m
minglanilla_fh25yr_10m
aurora_fh25yr_10m
pototan_fh25yr_10m
gamu_fh25yr_30m_10m
san_vicente_fh25yr_10m
bayambang_fh25yr_30m
dolores_fh25yr_10m
asuncion_fh25yr_10m
sarrat_fh25yr_10m
delfin_albano_fh25yr_30m_10m
tubod_fh25yr_10m
baggao_fh25yr_30m_10m
duenas_fh25yr_10m
bongabong_fh25yr_10m
tarlac_city_fh25yr_30m
cabagan_fh25yr_30m_10m
cabuyao_fh100yr_10m
santo_domingo_fh100yr_10m
tagum_city_fh100yr_10m
san_pablo_city_fh100yr_10m
camaligan_fh100yr_10m
canaman_fh100yr_10m
gamu_fh100yr_30m_10m
moncada_fh100yr_30m
san_pablo_fh100yr_30m_10m
vigan_city_fh100yr_10m
sikatuna_fh100yr_10m
urdaneta_city_fh100yr_30m
milaor_fh100yr_10m
solsona_fh100yr_10m
daraga_fh100yr_10m
las_pinas_fh100yr_10m
sipocot_fh100yr_10m
minalabac_fh100yr_10m
new_corella_fh100yr_10m
initao_fh100yr_10m
gitagum_fh100yr_10m
santa_teresita_fh100yr_30m_10m
iloilo_city_fh100yr_10m
dumangas_fh100yr_10m
palo_fh100yr_10m
baco_fh100yr_10m
san_pedro_fh100yr_10m
iba_fh100yr_10m
banna_fh100yr_10m
cabadbaran_city_fh100yr_30m
urbiztondo_fh100yr_30m
jabonga_fh100yr_10m
solana_fh100yr_30m_10m
leganes_fh100yr_10m
camalaniugan_fh100yr_30m_10m
barotac_nuevo_fh100yr_10m
tabuk_city_fh100yr_30m_10m
buguey_fh100yr_30m_10m
allacapan_fh100yr_30m_10m
mina_fh100yr_10m
balungao_fh100yr_30m
caoayan_fh100yr_10m
santa_rosa_city_fh100yr_10m
bansud_fh100yr_10m
jamindan_fh100yr_10m
bacolod_fh100yr_10m
abuyog_fh100yr_10m
himamaylan_city_fh100yr_10m
duenas_fh100yr_10m
pozzorubio_fh100yr_30m
aparri_fh100yr_30m_10m
cabagan_fh100yr_30m_10m
castillejos_fh100yr_10m
san_clemente_fh100yr_30m
candelaria_fh100yr_10m
lala_fh100yr_10m
san_jose_fh100yr_30m
bantay_fh100yr_10m
laoac_fh100yr_30m
mandaluyong_fh100yr_10m
aguilar_fh100yr_30m
lal_lo_fh100yr_30m_10m
ilog_fh100yr_10m
piddig_fh100yr_10m
laguindingan_fh100yr_10m
marcos_fh100yr_10m
carasi_fh100yr_10m
narvacan_fh100yr_10m
rosales_fh100yr_30m
san_felipe_fh100yr_10m
tuguegarao_city_fh100yr_30m_10m
mawab_fh100yr_10m
pinili_fh100yr_10m
bulalacao_fh100yr_10m
tarlac_city_fh100yr_30m
guimba_fh100yr_30m
bangued_fh100yr_10m
pavia_fh100yr_10m
magallanes_fh100yr_30m
magarao_fh100yr_10m
baroy_fh100yr_10m
san_isidro_fh100yr_10m
new_lucena_fh100yr_10m
pidigan_fh100yr_10m
ballesteros_fh100yr_30m_10m
mansalay_fh100yr_10m
villareal_fh100yr_10m
